La génération a démarré 12/10/2014 15:51:14.
     1>Projet "C:\Users\FRE33X\Desktop\Wifibot_test\Wifibot_final\Wifibot_final.vcxproj" sur le nœud 2 (Build cible(s)).
     1>ClCompile:
         C:\Program Files (x86)\Microsoft Visual Studio 11.0\VC\bin\CL.exe /c /ZI /nologo /W3 /WX- /Od /Oy- /D WIN32 /D _DEBUG /D _CONSOLE /D _UNICODE /D UNICODE /Gm /EHsc /RTC1 /MDd /GS /fp:precise /Zc:wchar_t /Zc:forScope /Fo"Debug\\" /Fd"Debug\vc110.pdb" /Gd /TP /analyze- /errorReport:prompt test.cpp
         test.cpp
     1>c:\users\fre33x\desktop\wifibot_test\wifibot_final\test.cpp(16): warning C4996: 'scanf': This function or variable may be unsafe. Consider using scanf_s instead. To disable deprecation, use _CRT_SECURE_NO_WARNINGS. See online help for details.
                 c:\program files (x86)\microsoft visual studio 11.0\vc\include\stdio.h(290) : voir la déclaration de 'scanf'
     1>c:\users\fre33x\desktop\wifibot_test\wifibot_final\test.cpp(19): warning C4996: 'scanf': This function or variable may be unsafe. Consider using scanf_s instead. To disable deprecation, use _CRT_SECURE_NO_WARNINGS. See online help for details.
                 c:\program files (x86)\microsoft visual studio 11.0\vc\include\stdio.h(290) : voir la déclaration de 'scanf'
     1>c:\users\fre33x\desktop\wifibot_test\wifibot_final\test.cpp(22): warning C4996: 'scanf': This function or variable may be unsafe. Consider using scanf_s instead. To disable deprecation, use _CRT_SECURE_NO_WARNINGS. See online help for details.
                 c:\program files (x86)\microsoft visual studio 11.0\vc\include\stdio.h(290) : voir la déclaration de 'scanf'
       Link:
         C:\Program Files (x86)\Microsoft Visual Studio 11.0\VC\bin\link.exe /ERRORREPORT:PROMPT /OUT:"C:\Users\FRE33X\Desktop\Wifibot_test\Debug\Wifibot_final.exe" /INCREMENTAL /NOLOGO kernel32.lib user32.lib gdi32.lib winspool.lib comdlg32.lib advapi32.lib shell32.lib ole32.lib oleaut32.lib uuid.lib odbc32.lib odbccp32.lib /MANIFEST /MANIFESTUAC:"level='asInvoker' uiAccess='false'" /manifest:embed /DEBUG /PDB:"C:\Users\FRE33X\Desktop\Wifibot_test\Debug\Wifibot_final.pdb" /SUBSYSTEM:CONSOLE /TLBID:1 /DYNAMICBASE /NXCOMPAT /IMPLIB:"C:\Users\FRE33X\Desktop\Wifibot_test\Debug\Wifibot_final.lib" /MACHINE:X86 Debug\Control.obj
         Debug\EnergySensor.obj
         Debug\GPS.obj
         Debug\IRSensor.obj
         Debug\Joystick.obj
         Debug\test.obj
         Wifibot_final.vcxproj -> C:\Users\FRE33X\Desktop\Wifibot_test\Debug\Wifibot_final.exe
     1>Génération du projet "C:\Users\FRE33X\Desktop\Wifibot_test\Wifibot_final\Wifibot_final.vcxproj" terminée (Build cible(s)).

La génération a réussi.

Temps écoulé 00:00:01.09
